npm verb cli C:\Program Files\nodejs\node.exe C:\Program Files\nodejs\node_modules\npm\bin\npm-cli.js
npm info using npm@9.5.1
npm info using node@v18.16.0
npm verb title npm install
npm verb argv "install" "--legacy-peer-deps" "--loglevel" "verbose"
npm verb logfile logs-max:10 dir:C:\Users\kummari.sharathchand\AppData\Local\npm-cache\_logs\2023-06-23T15_34_38_954Z-
npm verb logfile C:\Users\kummari.sharathchand\AppData\Local\npm-cache\_logs\2023-06-23T15_34_38_954Z-debug-0.log
npm http fetch GET 200 https://registry.npmjs.org/cypress 1282ms (cache revalidated)
npm http fetch GET 200 https://registry.npmjs.org/cypress-iframe 323ms (cache revalidated)
npm http fetch GET 200 https://registry.npmjs.org/cypress-mochawesome-reporter 1131ms (cache revalidated)
npm http fetch GET 200 https://registry.npmjs.org/cypress-xpath 1116ms (cache revalidated)
npm http fetch GET 200 https://registry.npmjs.org/@faker-js%2ffaker 229ms (cache revalidated)
npm http fetch GET 200 https://registry.npmjs.org/cachedir 214ms (cache revalidated)
npm http fetch GET 200 https://registry.npmjs.org/commander 218ms (cache revalidated)
npm http fetch GET 200 https://registry.npmjs.org/chalk 225ms (cache revalidated)
npm http fetch GET 200 https://registry.npmjs.org/buffer 228ms (cache revalidated)
npm http fetch GET 200 https://registry.npmjs.org/@types%2fsizzle 242ms (cache revalidated)
npm http fetch GET 200 https://registry.npmjs.org/arch 243ms (cache revalidated)
npm http fetch GET 200 https://registry.npmjs.org/check-more-types 243ms (cache revalidated)
npm http fetch GET 200 https://registry.npmjs.org/@types%2fsinonjs__fake-timers 248ms (cache revalidated)
npm http fetch GET 200 https://registry.npmjs.org/cli-cursor 244ms (cache revalidated)
npm http fetch GET 200 https://registry.npmjs.org/bluebird 247ms (cache revalidated)
npm http fetch GET 200 https://registry.npmjs.org/common-tags 248ms (cache revalidated)
npm http fetch GET 200 https://registry.npmjs.org/cli-table3 255ms (cache revalidated)
npm http fetch GET 200 https://registry.npmjs.org/debug 259ms (cache revalidated)
npm http fetch GET 200 https://registry.npmjs.org/enquirer 261ms (cache revalidated)
npm http fetch GET 200 https://registry.npmjs.org/dayjs 263ms (cache revalidated)
npm http fetch GET 200 https://registry.npmjs.org/eventemitter2 270ms (cache revalidated)
npm http fetch GET 200 https://registry.npmjs.org/extract-zip 271ms (cache revalidated)
npm http fetch GET 200 https://registry.npmjs.org/@types%2fnode 289ms (cache revalidated)
npm http fetch GET 200 https://registry.npmjs.org/executable 304ms (cache revalidated)
npm http fetch GET 200 https://registry.npmjs.org/is-installed-globally 300ms (cache revalidated)
npm http fetch GET 200 https://registry.npmjs.org/is-ci 301ms (cache revalidated)
npm http fetch GET 200 https://registry.npmjs.org/figures 305ms (cache revalidated)
npm http fetch GET 200 https://registry.npmjs.org/execa 307ms (cache revalidated)
npm http fetch GET 200 https://registry.npmjs.org/log-symbols 311ms (cache revalidated)
npm http fetch GET 200 https://registry.npmjs.org/getos 317ms (cache revalidated)
npm http fetch GET 200 https://registry.npmjs.org/lodash 318ms (cache revalidated)
npm http fetch GET 200 https://registry.npmjs.org/ospath 318ms (cache revalidated)
npm http fetch GET 200 https://registry.npmjs.org/pretty-bytes 317ms (cache revalidated)
npm http fetch GET 200 https://registry.npmjs.org/proxy-from-env 318ms (cache revalidated)
npm http fetch GET 200 https://registry.npmjs.org/minimist 321ms (cache revalidated)
npm http fetch GET 200 https://registry.npmjs.org/listr2 324ms (cache revalidated)
npm http fetch GET 200 https://registry.npmjs.org/semver 323ms (cache revalidated)
npm http fetch GET 200 https://registry.npmjs.org/request-progress 332ms (cache revalidated)
npm http fetch GET 200 https://registry.npmjs.org/supports-color 332ms (cache revalidated)
npm http fetch GET 200 https://registry.npmjs.org/tmp 332ms (cache revalidated)
npm http fetch GET 200 https://registry.npmjs.org/fs-extra 331ms (cache revalidated)
npm http fetch GET 200 https://registry.npmjs.org/mochawesome 343ms (cache revalidated)
npm http fetch GET 200 https://registry.npmjs.org/yauzl 347ms (cache revalidated)
npm http fetch GET 200 https://registry.npmjs.org/mochawesome-report-generator 341ms (cache revalidated)
npm http fetch GET 200 https://registry.npmjs.org/untildify 354ms (cache revalidated)
npm http fetch GET 200 https://registry.npmjs.org/blob-util 534ms (cache revalidated)
npm http fetch GET 200 https://registry.npmjs.org/lazy-ass 1403ms (cache revalidated)
npm http fetch GET 200 https://registry.npmjs.org/fs-extra 1431ms (cache revalidated)
npm http fetch GET 200 https://registry.npmjs.org/mochawesome-merge 1518ms (cache revalidated)
npm http fetch GET 200 https://registry.npmjs.org/@cypress%2frequest 1718ms (cache revalidated)
npm http fetch GET 200 https://registry.npmjs.org/@cypress%2fxvfb 2617ms (cache revalidated)
npm http fetch GET 200 https://registry.npmjs.org/forever-agent 189ms (cache revalidated)
npm http fetch GET 200 https://registry.npmjs.org/aws4 192ms (cache revalidated)
npm http fetch GET 200 https://registry.npmjs.org/aws-sign2 195ms (cache revalidated)
npm http fetch GET 200 https://registry.npmjs.org/performance-now 190ms (cache revalidated)
npm http fetch GET 200 https://registry.npmjs.org/combined-stream 194ms (cache revalidated)
npm http fetch GET 200 https://registry.npmjs.org/extend 203ms (cache revalidated)
npm http fetch GET 200 https://registry.npmjs.org/caseless 205ms (cache revalidated)
npm http fetch GET 200 https://registry.npmjs.org/tunnel-agent 199ms (cache revalidated)
npm http fetch GET 200 https://registry.npmjs.org/qs 201ms (cache revalidated)
npm http fetch GET 200 https://registry.npmjs.org/json-stringify-safe 206ms (cache revalidated)
npm http fetch GET 200 https://registry.npmjs.org/mime-types 207ms (cache revalidated)
npm http fetch GET 200 https://registry.npmjs.org/is-typedarray 212ms (cache revalidated)
npm http fetch GET 200 https://registry.npmjs.org/form-data 215ms (cache revalidated)
npm http fetch GET 200 https://registry.npmjs.org/safe-buffer 219ms (cache revalidated)
npm http fetch GET 200 https://registry.npmjs.org/lodash.once 217ms (cache revalidated)
npm http fetch GET 200 https://registry.npmjs.org/base64-js 233ms (cache revalidated)
npm http fetch GET 200 https://registry.npmjs.org/string-width 231ms (cache revalidated)
npm http fetch GET 200 https://registry.npmjs.org/ansi-styles 233ms (cache revalidated)
npm http fetch GET 200 https://registry.npmjs.org/ansi-colors 231ms (cache revalidated)
npm http fetch GET 200 https://registry.npmjs.org/uuid 236ms (cache revalidated)
npm http fetch GET 200 https://registry.npmjs.org/isstream 243ms (cache revalidated)
npm http fetch GET 200 https://registry.npmjs.org/ms 235ms (cache revalidated)
npm http fetch GET 200 https://registry.npmjs.org/human-signals 236ms (cache revalidated)
npm http fetch GET 200 https://registry.npmjs.org/ieee754 249ms (cache revalidated)
npm http fetch GET 200 https://registry.npmjs.org/restore-cursor 253ms (cache revalidated)
npm http fetch GET 200 https://registry.npmjs.org/@colors%2fcolors 253ms (cache revalidated)
npm http fetch GET 200 https://registry.npmjs.org/strip-final-newline 253ms (cache revalidated)
npm http fetch GET 200 https://registry.npmjs.org/merge-stream 255ms (cache revalidated)
npm http fetch GET 200 https://registry.npmjs.org/get-stream 261ms (cache revalidated)
npm http fetch GET 200 https://registry.npmjs.org/pify 254ms (cache revalidated)
npm http fetch GET 200 https://registry.npmjs.org/is-stream 263ms (cache revalidated)
npm http fetch GET 200 https://registry.npmjs.org/signal-exit 265ms (cache revalidated)
npm http fetch GET 200 https://registry.npmjs.org/npm-run-path 268ms (cache revalidated)
npm http fetch GET 200 https://registry.npmjs.org/onetime 269ms (cache revalidated)
npm http fetch GET 200 https://registry.npmjs.org/cross-spawn 276ms (cache revalidated)
npm http fetch GET 200 https://registry.npmjs.org/get-stream 269ms (cache revalidated)
npm http fetch GET 200 https://registry.npmjs.org/universalify 271ms (cache revalidated)
npm http fetch GET 200 https://registry.npmjs.org/graceful-fs 280ms (cache revalidated)
npm http fetch GET 200 https://registry.npmjs.org/global-dirs 279ms (cache revalidated)
npm http fetch GET 200 https://registry.npmjs.org/ci-info 280ms (cache revalidated)
npm http fetch GET 200 https://registry.npmjs.org/@types%2fyauzl 285ms (cache revalidated)
npm http fetch GET 200 https://registry.npmjs.org/at-least-node 305ms (cache revalidated)
npm http fetch GET 200 https://registry.npmjs.org/is-path-inside 302ms (cache revalidated)
npm http fetch GET 200 https://registry.npmjs.org/jsonfile 306ms (cache revalidated)
npm http fetch GET 200 https://registry.npmjs.org/async 306ms (cache revalidated)
npm http fetch GET 200 https://registry.npmjs.org/escape-string-regexp 318ms (cache revalidated)
npm http fetch GET 200 https://registry.npmjs.org/colorette 315ms (cache revalidated)
npm http fetch GET 200 https://registry.npmjs.org/rfdc 315ms (cache revalidated)
npm http fetch GET 200 https://registry.npmjs.org/log-update 318ms (cache revalidated)
npm http fetch GET 200 https://registry.npmjs.org/rxjs 323ms (cache revalidated)
npm http fetch GET 200 https://registry.npmjs.org/p-map 334ms (cache revalidated)
npm http fetch GET 200 https://registry.npmjs.org/throttleit 335ms (cache revalidated)
npm http fetch GET 200 https://registry.npmjs.org/rimraf 347ms (cache revalidated)
npm http fetch GET 200 https://registry.npmjs.org/is-unicode-supported 354ms (cache revalidated)
npm http fetch GET 200 https://registry.npmjs.org/has-flag 354ms (cache revalidated)
npm http fetch GET 200 https://registry.npmjs.org/wrap-ansi 356ms (cache revalidated)
npm http fetch GET 200 https://registry.npmjs.org/fd-slicer 355ms (cache revalidated)
npm http fetch GET 200 https://registry.npmjs.org/lru-cache 357ms (cache revalidated)
npm http fetch GET 200 https://registry.npmjs.org/through 365ms (cache revalidated)
npm http fetch GET 200 https://registry.npmjs.org/buffer-crc32 361ms (cache revalidated)
npm http fetch GET 200 https://registry.npmjs.org/tough-cookie 485ms (cache revalidated)
npm http fetch GET 200 https://registry.npmjs.org/http-signature 1341ms (cache revalidated)
npm http fetch GET 200 https://registry.npmjs.org/cli-truncate 1451ms (cache revalidated)
npm http fetch GET 200 https://registry.npmjs.org/delayed-stream 66ms (cache revalidated)
npm http fetch GET 200 https://registry.npmjs.org/jsprim 65ms (cache revalidated)
npm http fetch GET 200 https://registry.npmjs.org/punycode 71ms (cache revalidated)
npm http fetch GET 200 https://registry.npmjs.org/side-channel 74ms (cache revalidated)
npm http fetch GET 200 https://registry.npmjs.org/assert-plus 77ms (cache revalidated)
npm http fetch GET 200 https://registry.npmjs.org/sshpk 77ms (cache revalidated)
npm http fetch GET 200 https://registry.npmjs.org/psl 76ms (cache revalidated)
npm http fetch GET 200 https://registry.npmjs.org/mime-db 78ms (cache revalidated)
npm http fetch GET 200 https://registry.npmjs.org/asynckit 92ms (cache revalidated)
npm http fetch GET 200 https://registry.npmjs.org/color-convert 61ms (cache revalidated)
npm http fetch GET 200 https://registry.npmjs.org/color-name 79ms (cache revalidated)
npm http fetch GET 200 https://registry.npmjs.org/is-fullwidth-code-point 57ms (cache revalidated)
npm http fetch GET 200 https://registry.npmjs.org/emoji-regex 58ms (cache revalidated)
npm http fetch GET 200 https://registry.npmjs.org/strip-ansi 66ms (cache revalidated)
npm http fetch GET 200 https://registry.npmjs.org/lodash.isempty 79ms (cache revalidated)
npm http fetch GET 200 https://registry.npmjs.org/lodash.isobject 79ms (cache revalidated)
npm http fetch GET 200 https://registry.npmjs.org/diff 81ms (cache revalidated)
npm http fetch GET 200 https://registry.npmjs.org/glob 80ms (cache revalidated)
npm http fetch GET 200 https://registry.npmjs.org/lodash.isstring 94ms (cache revalidated)
npm http fetch GET 200 https://registry.npmjs.org/opener 92ms (cache revalidated)
npm http fetch GET 200 https://registry.npmjs.org/prop-types 92ms (cache revalidated)
npm http fetch GET 200 https://registry.npmjs.org/escape-html 95ms (cache revalidated)
npm http fetch GET 200 https://registry.npmjs.org/dateformat 99ms (cache revalidated)
npm http fetch GET 200 https://registry.npmjs.org/fsu 98ms (cache revalidated)
npm http fetch GET 200 https://registry.npmjs.org/yargs 99ms (cache revalidated)
npm http fetch GET 200 https://registry.npmjs.org/yargs 107ms (cache revalidated)
npm http fetch GET 200 https://registry.npmjs.org/validator 106ms (cache revalidated)
npm http fetch GET 200 https://registry.npmjs.org/lodash.isfunction 1220ms (cache revalidated)
npm http fetch GET 200 https://registry.npmjs.org/tcomb-validation 1214ms (cache revalidated)
npm http fetch GET 200 https://registry.npmjs.org/tcomb 1263ms (cache revalidated)
npm http fetch GET 200 https://registry.npmjs.org/pump 55ms (cache revalidated)
npm http fetch GET 200 https://registry.npmjs.org/which 57ms (cache revalidated)
npm http fetch GET 200 https://registry.npmjs.org/path-key 60ms (cache revalidated)
npm http fetch GET 200 https://registry.npmjs.org/path-key 59ms (cache revalidated)
npm http fetch GET 200 https://registry.npmjs.org/shebang-command 66ms (cache revalidated)
npm http fetch GET 200 https://registry.npmjs.org/mimic-fn 66ms (cache revalidated)
npm http fetch GET 200 https://registry.npmjs.org/shebang-regex 55ms (cache revalidated)
npm http fetch GET 200 https://registry.npmjs.org/isexe 55ms (cache revalidated)
npm http fetch GET 200 https://registry.npmjs.org/once 55ms (cache revalidated)
npm http fetch GET 200 https://registry.npmjs.org/end-of-stream 57ms (cache revalidated)
npm http fetch GET 200 https://registry.npmjs.org/json-schema 67ms (cache revalidated)
npm http fetch GET 200 https://registry.npmjs.org/extsprintf 74ms (cache revalidated)
npm http fetch GET 200 https://registry.npmjs.org/safer-buffer 75ms (cache revalidated)
npm http fetch GET 200 https://registry.npmjs.org/dashdash 75ms (cache revalidated)
npm http fetch GET 200 https://registry.npmjs.org/tweetnacl 75ms (cache revalidated)
npm http fetch GET 200 https://registry.npmjs.org/jsbn 77ms (cache revalidated)
npm http fetch GET 200 https://registry.npmjs.org/bcrypt-pbkdf 82ms (cache revalidated)
npm http fetch GET 200 https://registry.npmjs.org/verror 85ms (cache revalidated)
npm http fetch GET 200 https://registry.npmjs.org/getpass 85ms (cache revalidated)
npm http fetch GET 200 https://registry.npmjs.org/asn1 88ms (cache revalidated)
npm http fetch GET 200 https://registry.npmjs.org/ecc-jsbn 86ms (cache revalidated)
npm http fetch GET 200 https://registry.npmjs.org/ini 51ms (cache revalidated)
npm http fetch GET 200 https://registry.npmjs.org/core-util-is 56ms (cache revalidated)
npm http fetch GET 200 https://registry.npmjs.org/slice-ansi 93ms (cache revalidated)
npm http fetch GET 200 https://registry.npmjs.org/slice-ansi 96ms (cache revalidated)
npm http fetch GET 200 https://registry.npmjs.org/aggregate-error 93ms (cache revalidated)
npm http fetch GET 200 https://registry.npmjs.org/tslib 93ms (cache revalidated)
npm http fetch GET 200 https://registry.npmjs.org/ansi-escapes 98ms (cache revalidated)
npm http fetch GET 200 https://registry.npmjs.org/astral-regex 49ms (cache revalidated)
npm http fetch GET 200 https://registry.npmjs.org/type-fest 56ms (cache revalidated)
npm http fetch GET 200 https://registry.npmjs.org/ansi-regex 56ms (cache revalidated)
npm http fetch GET 200 https://registry.npmjs.org/cliui 89ms (cache revalidated)
npm http fetch GET 200 https://registry.npmjs.org/get-caller-file 88ms (cache revalidated)
npm http fetch GET 200 https://registry.npmjs.org/path-is-absolute 93ms (cache revalidated)
npm http fetch GET 200 https://registry.npmjs.org/inflight 96ms (cache revalidated)
npm http fetch GET 200 https://registry.npmjs.org/inherits 96ms (cache revalidated)
npm http fetch GET 200 https://registry.npmjs.org/set-blocking 88ms (cache revalidated)
npm http fetch GET 200 https://registry.npmjs.org/yargs-parser 89ms (cache revalidated)
npm http fetch GET 200 https://registry.npmjs.org/minimatch 102ms (cache revalidated)
npm http fetch GET 200 https://registry.npmjs.org/fs.realpath 108ms (cache revalidated)
npm http fetch GET 200 https://registry.npmjs.org/require-main-filename 100ms (cache revalidated)
npm http fetch GET 200 https://registry.npmjs.org/decamelize 103ms (cache revalidated)
npm http fetch GET 200 https://registry.npmjs.org/find-up 103ms (cache revalidated)
npm http fetch GET 200 https://registry.npmjs.org/require-directory 103ms (cache revalidated)
npm http fetch GET 200 https://registry.npmjs.org/y18n 101ms (cache revalidated)
npm http fetch GET 200 https://registry.npmjs.org/which-module 105ms (cache revalidated)
npm http fetch GET 200 https://registry.npmjs.org/brace-expansion 49ms (cache revalidated)
npm http fetch GET 200 https://registry.npmjs.org/wrappy 61ms (cache revalidated)
npm http fetch GET 200 https://registry.npmjs.org/concat-map 46ms (cache revalidated)
npm http fetch GET 200 https://registry.npmjs.org/balanced-match 53ms (cache revalidated)
npm http fetch GET 200 https://registry.npmjs.org/loose-envify 53ms (cache revalidated)
npm http fetch GET 200 https://registry.npmjs.org/escalade 60ms (cache revalidated)
npm http fetch GET 200 https://registry.npmjs.org/object-assign 63ms (cache revalidated)
npm http fetch GET 200 https://registry.npmjs.org/react-is 133ms (cache revalidated)
npm http fetch GET 200 https://registry.npmjs.org/clean-stack 52ms (cache revalidated)
npm http fetch GET 200 https://registry.npmjs.org/indent-string 61ms (cache revalidated)
npm http fetch GET 200 https://registry.npmjs.org/js-tokens 53ms (cache revalidated)
npm http fetch GET 200 https://registry.npmjs.org/call-bind 67ms (cache revalidated)
npm http fetch GET 200 https://registry.npmjs.org/object-inspect 66ms (cache revalidated)
npm http fetch GET 200 https://registry.npmjs.org/get-intrinsic 68ms (cache revalidated)
npm http fetch GET 200 https://registry.npmjs.org/yallist 51ms (cache revalidated)
npm http fetch GET 200 https://registry.npmjs.org/has 56ms (cache revalidated)
npm http fetch GET 200 https://registry.npmjs.org/has-symbols 56ms (cache revalidated)
npm http fetch GET 200 https://registry.npmjs.org/has-proto 61ms (cache revalidated)
npm http fetch GET 200 https://registry.npmjs.org/function-bind 63ms (cache revalidated)
npm http fetch GET 200 https://registry.npmjs.org/path-exists 56ms (cache revalidated)
npm http fetch GET 200 https://registry.npmjs.org/camelcase 57ms (cache revalidated)
npm http fetch GET 200 https://registry.npmjs.org/locate-path 78ms (cache revalidated)
npm http fetch GET 200 https://registry.npmjs.org/p-locate 60ms (cache revalidated)
npm http fetch GET 200 https://registry.npmjs.org/p-limit 60ms (cache revalidated)
npm http fetch GET 200 https://registry.npmjs.org/p-try 61ms (cache revalidated)
npm http fetch GET 200 https://registry.npmjs.org/pend 59ms (cache revalidated)
npm http fetch POST 200 https://registry.npmjs.org/-/npm/v1/security/advisories/bulk 880ms
npm WARN deprecated cypress-xpath@2.0.1: Package no longer supported. Contact Support at https://www.npmjs.com/support for more info.
npm info run cypress@12.15.0 postinstall node_modules/cypress node index.js --exec install
npm info run cypress@12.15.0 postinstall { code: 0, signal: null }

added 225 packages, and audited 226 packages in 31s

39 packages are looking for funding
  run `npm fund` for details

found 0 vulnerabilities
npm verb exit 0
npm info ok 
